# JRE version: OpenJDK Runtime Environment Temurin-17.0.3+7 (17.0.3+7) (build 17.0.3+7)
# Java VM: OpenJDK 64-Bit Server VM Temurin-17.0.3+7 (17.0.3+7, mixed mode, emulated-client, tiered, compressed oops, compressed class ptrs, g1 gc, windows-amd64)
GC Precious Log:
 CPUs: 8 total, 8 available
 Memory: 3982M
 Large Page Support: Disabled
 NUMA Support: Disabled
 Compressed Oops: Enabled (32-bit)
 Heap Region Size: 1M
 Heap Min Capacity: 8M
 Heap Initial Capacity: 64M
 Heap Max Capacity: 996M
 Pre-touch: Disabled
 Parallel Workers: 8
 Concurrent Workers: 2
 Concurrent Refinement Workers: 8
 Periodic GC: Disabled
Heap:
 garbage-first heap   total 413696K, used 55281K [0x00000000c1c00000, 0x0000000100000000)
  region size 1024K, 1 young (1024K), 1 survivors (1024K)
 Metaspace       used 87734K, committed 88576K, reserved 1130496K
  class space    used 12022K, committed 12352K, reserved 1048576K
GC Heap History (20 events):
Event: 816.901 GC heap after
{Heap after GC invocations=68 (full 0):
 garbage-first heap   total 245760K, used 59471K [0x00000000c1c00000, 0x0000000100000000)
  region size 1024K, 1 young (1024K), 1 survivors (1024K)
 Metaspace       used 87729K, committed 88576K, reserved 1130496K
  class space    used 12020K, committed 12352K, reserved 1048576K
}
Event: 818.483 GC heap before
{Heap before GC invocations=68 (full 0):
 garbage-first heap   total 245760K, used 70735K [0x00000000c1c00000, 0x0000000100000000)
  region size 1024K, 12 young (12288K), 1 survivors (1024K)
 Metaspace       used 87732K, committed 88576K, reserved 1130496K
  class space    used 12021K, committed 12352K, reserved 1048576K
}
Event: 818.600 GC heap after
{Heap after GC invocations=69 (full 0):
 garbage-first heap   total 245760K, used 57559K [0x00000000c1c00000, 0x0000000100000000)
  region size 1024K, 1 young (1024K), 1 survivors (1024K)
 Metaspace       used 87732K, committed 88576K, reserved 1130496K
  class space    used 12021K, committed 12352K, reserved 1048576K
}
Event: 820.690 GC heap before
{Heap before GC invocations=69 (full 0):
 garbage-first heap   total 245760K, used 67799K [0x00000000c1c00000, 0x0000000100000000)
  region size 1024K, 12 young (12288K), 1 survivors (1024K)
 Metaspace       used 87734K, committed 88576K, reserved 1130496K
  class space    used 12022K, committed 12352K, reserved 1048576K
}
Event: 820.970 GC heap after
{Heap after GC invocations=70 (full 0):
 garbage-first heap   total 245760K, used 55927K [0x00000000c1c00000, 0x0000000100000000)
  region size 1024K, 1 young (1024K), 1 survivors (1024K)
 Metaspace       used 87734K, committed 88576K, reserved 1130496K
  class space    used 12022K, committed 12352K, reserved 1048576K
}
Event: 822.415 GC heap before
{Heap before GC invocations=70 (full 0):
 garbage-first heap   total 245760K, used 67191K [0x00000000c1c00000, 0x0000000100000000)
  region size 1024K, 12 young (12288K), 1 survivors (1024K)
 Metaspace       used 87734K, committed 88576K, reserved 1130496K
  class space    used 12022K, committed 12352K, reserved 1048576K
}
Event: 822.811 GC heap after
{Heap after GC invocations=71 (full 0):
 garbage-first heap   total 413696K, used 55226K [0x00000000c1c00000, 0x0000000100000000)
  region size 1024K, 1 young (1024K), 1 survivors (1024K)
 Metaspace       used 87734K, committed 88576K, reserved 1130496K
  class space    used 12022K, committed 12352K, reserved 1048576K
}
Event: 846.229 GC heap before
{Heap before GC invocations=71 (full 0):
 garbage-first heap   total 413696K, used 73658K [0x00000000c1c00000, 0x0000000100000000)
  region size 1024K, 20 young (20480K), 1 survivors (1024K)
 Metaspace       used 87734K, committed 88576K, reserved 1130496K
  class space    used 12022K, committed 12352K, reserved 1048576K
}
Event: 846.742 GC heap after
{Heap after GC invocations=72 (full 0):
 garbage-first heap   total 413696K, used 55283K [0x00000000c1c00000, 0x0000000100000000)
  region size 1024K, 1 young (1024K), 1 survivors (1024K)
 Metaspace       used 87734K, committed 88576K, reserved 1130496K
  class space    used 12022K, committed 12352K, reserved 1048576K
}
Event: 938.000 GC heap before
{Heap before GC invocations=72 (full 0):
 garbage-first heap   total 413696K, used 74739K [0x00000000c1c00000, 0x0000000100000000)
  region size 1024K, 20 young (20480K), 1 survivors (1024K)
 Metaspace       used 87734K, committed 88576K, reserved 1130496K
  class space    used 12022K, committed 12352K, reserved 1048576K
}
Event: 938.437 GC heap after
{Heap after GC invocations=73 (full 0):
 garbage-first heap   total 413696K, used 55300K [0x00000000c1c00000, 0x0000000100000000)
  region size 1024K, 1 young (1024K), 1 survivors (1024K)
 Metaspace       used 87734K, committed 88576K, reserved 1130496K
  class space    used 12022K, committed 12352K, reserved 1048576K
}
Event: 938.940 GC heap before
{Heap before GC invocations=73 (full 0):
 garbage-first heap   total 413696K, used 74756K [0x00000000c1c00000, 0x0000000100000000)
  region size 1024K, 20 young (20480K), 1 survivors (1024K)
 Metaspace       used 87734K, committed 88576K, reserved 1130496K
  class space    used 12022K, committed 12352K, reserved 1048576K
}
Event: 939.142 GC heap after
{Heap after GC invocations=74 (full 0):
 garbage-first heap   total 413696K, used 55304K [0x00000000c1c00000, 0x0000000100000000)
  region size 1024K, 1 young (1024K), 1 survivors (1024K)
 Metaspace       used 87734K, committed 88576K, reserved 1130496K
  class space    used 12022K, committed 12352K, reserved 1048576K
}
Event: 940.781 GC heap before
{Heap before GC invocations=74 (full 0):
 garbage-first heap   total 413696K, used 100360K [0x00000000c1c00000, 0x0000000100000000)
  region size 1024K, 45 young (46080K), 1 survivors (1024K)
 Metaspace       used 87734K, committed 88576K, reserved 1130496K
  class space    used 12022K, committed 12352K, reserved 1048576K
}
Event: 941.000 GC heap after
{Heap after GC invocations=75 (full 0):
 garbage-first heap   total 413696K, used 55295K [0x00000000c1c00000, 0x0000000100000000)
  region size 1024K, 1 young (1024K), 1 survivors (1024K)
 Metaspace       used 87734K, committed 88576K, reserved 1130496K
  class space    used 12022K, committed 12352K, reserved 1048576K
}
Event: 1020.548 GC heap before
{Heap before GC invocations=75 (full 0):
 garbage-first heap   total 413696K, used 238591K [0x00000000c1c00000, 0x0000000100000000)
  region size 1024K, 181 young (185344K), 1 survivors (1024K)
 Metaspace       used 87734K, committed 88576K, reserved 1130496K
  class space    used 12022K, committed 12352K, reserved 1048576K
}
Event: 1022.544 GC heap after
{Heap after GC invocations=76 (full 0):
 garbage-first heap   total 413696K, used 55286K [0x00000000c1c00000, 0x0000000100000000)
  region size 1024K, 1 young (1024K), 1 survivors (1024K)
 Metaspace       used 87734K, committed 88576K, reserved 1130496K
  class space    used 12022K, committed 12352K, reserved 1048576K
}
Event: 1027.770 GC heap before
{Heap before GC invocations=76 (full 0):
 garbage-first heap   total 413696K, used 73718K [0x00000000c1c00000, 0x0000000100000000)
  region size 1024K, 20 young (20480K), 1 survivors (1024K)
 Metaspace       used 87734K, committed 88576K, reserved 1130496K
  class space    used 12022K, committed 12352K, reserved 1048576K
}
Event: 1028.142 GC heap after
{Heap after GC invocations=77 (full 0):
 garbage-first heap   total 413696K, used 55268K [0x00000000c1c00000, 0x0000000100000000)
  region size 1024K, 1 young (1024K), 1 survivors (1024K)
 Metaspace       used 87734K, committed 88576K, reserved 1130496K
  class space    used 12022K, committed 12352K, reserved 1048576K
}
Event: 1102.432 GC heap before
{Heap before GC invocations=77 (full 0):
 garbage-first heap   total 413696K, used 73700K [0x00000000c1c00000, 0x0000000100000000)
  region size 1024K, 20 young (20480K), 1 survivors (1024K)
 Metaspace       used 87734K, committed 88576K, reserved 1130496K
  class space    used 12022K, committed 12352K, reserved 1048576K
}

